<?xml version="1.0" encoding="UTF-8"?>
<testsuite xmlns:xsi="http://www.w3.org/2001/XMLSchema-instance" xsi:noNamespaceSchemaLocation="https://maven.apache.org/surefire/maven-surefire-plugin/xsd/surefire-test-report.xsd" name="com.xf.DdupApplicationTests" time="8.692" tests="1" errors="0" skipped="0" failures="0">
  <properties>
    <property name="sun.desktop" value="windows"/>
    <property name="awt.toolkit" value="sun.awt.windows.WToolkit"/>
    <property name="file.encoding.pkg" value="sun.io"/>
    <property name="java.specification.version" value="1.8"/>
    <property name="sun.cpu.isalist" value="amd64"/>
    <property name="sun.jnu.encoding" value="GBK"/>
    <property name="java.class.path" value="E:\ideaWorkSpace\ddup\target\test-classes;E:\ideaWorkSpace\ddup\target\classes;D:\software\Repositories\Maven\org\springframework\boot\spring-boot-starter-thymeleaf\2.4.4\spring-boot-starter-thymeleaf-2.4.4.jar;D:\software\Repositories\Maven\org\springframework\boot\spring-boot-starter\2.4.4\spring-boot-starter-2.4.4.jar;D:\software\Repositories\Maven\org\springframework\boot\spring-boot-starter-logging\2.4.4\spring-boot-starter-logging-2.4.4.jar;D:\software\Repositories\Maven\ch\qos\logback\logback-classic\1.2.3\logback-classic-1.2.3.jar;D:\software\Repositories\Maven\ch\qos\logback\logback-core\1.2.3\logback-core-1.2.3.jar;D:\software\Repositories\Maven\org\apache\logging\log4j\log4j-to-slf4j\2.13.3\log4j-to-slf4j-2.13.3.jar;D:\software\Repositories\Maven\org\apache\logging\log4j\log4j-api\2.13.3\log4j-api-2.13.3.jar;D:\software\Repositories\Maven\org\slf4j\jul-to-slf4j\1.7.30\jul-to-slf4j-1.7.30.jar;D:\software\Repositories\Maven\jakarta\annotation\jakarta.annotation-api\1.3.5\jakarta.annotation-api-1.3.5.jar;D:\software\Repositories\Maven\org\yaml\snakeyaml\1.27\snakeyaml-1.27.jar;D:\software\Repositories\Maven\org\thymeleaf\thymeleaf-spring5\3.0.12.RELEASE\thymeleaf-spring5-3.0.12.RELEASE.jar;D:\software\Repositories\Maven\org\thymeleaf\thymeleaf\3.0.12.RELEASE\thymeleaf-3.0.12.RELEASE.jar;D:\software\Repositories\Maven\org\attoparser\attoparser\2.0.5.RELEASE\attoparser-2.0.5.RELEASE.jar;D:\software\Repositories\Maven\org\unbescape\unbescape\1.1.6.RELEASE\unbescape-1.1.6.RELEASE.jar;D:\software\Repositories\Maven\org\thymeleaf\extras\thymeleaf-extras-java8time\3.0.4.RELEASE\thymeleaf-extras-java8time-3.0.4.RELEASE.jar;D:\software\Repositories\Maven\org\springframework\boot\spring-boot-starter-web\2.4.4\spring-boot-starter-web-2.4.4.jar;D:\software\Repositories\Maven\org\springframework\boot\spring-boot-starter-json\2.4.4\spring-boot-starter-json-2.4.4.jar;D:\software\Repositories\Maven\com\fasterxml\jackson\core\jackson-databind\2.11.4\jackson-databind-2.11.4.jar;D:\software\Repositories\Maven\com\fasterxml\jackson\core\jackson-annotations\2.11.4\jackson-annotations-2.11.4.jar;D:\software\Repositories\Maven\com\fasterxml\jackson\core\jackson-core\2.11.4\jackson-core-2.11.4.jar;D:\software\Repositories\Maven\com\fasterxml\jackson\datatype\jackson-datatype-jdk8\2.11.4\jackson-datatype-jdk8-2.11.4.jar;D:\software\Repositories\Maven\com\fasterxml\jackson\datatype\jackson-datatype-jsr310\2.11.4\jackson-datatype-jsr310-2.11.4.jar;D:\software\Repositories\Maven\com\fasterxml\jackson\module\jackson-module-parameter-names\2.11.4\jackson-module-parameter-names-2.11.4.jar;D:\software\Repositories\Maven\org\springframework\boot\spring-boot-starter-tomcat\2.4.4\spring-boot-starter-tomcat-2.4.4.jar;D:\software\Repositories\Maven\org\apache\tomcat\embed\tomcat-embed-core\9.0.44\tomcat-embed-core-9.0.44.jar;D:\software\Repositories\Maven\org\glassfish\jakarta.el\3.0.3\jakarta.el-3.0.3.jar;D:\software\Repositories\Maven\org\apache\tomcat\embed\tomcat-embed-websocket\9.0.44\tomcat-embed-websocket-9.0.44.jar;D:\software\Repositories\Maven\org\springframework\spring-web\5.3.5\spring-web-5.3.5.jar;D:\software\Repositories\Maven\org\springframework\spring-beans\5.3.5\spring-beans-5.3.5.jar;D:\software\Repositories\Maven\org\springframework\spring-webmvc\5.3.5\spring-webmvc-5.3.5.jar;D:\software\Repositories\Maven\org\springframework\spring-aop\5.3.5\spring-aop-5.3.5.jar;D:\software\Repositories\Maven\org\springframework\spring-context\5.3.5\spring-context-5.3.5.jar;D:\software\Repositories\Maven\org\springframework\spring-expression\5.3.5\spring-expression-5.3.5.jar;D:\software\Repositories\Maven\org\projectlombok\lombok\1.18.16\lombok-1.18.16.jar;D:\software\Repositories\Maven\org\springframework\boot\spring-boot-starter-test\2.4.4\spring-boot-starter-test-2.4.4.jar;D:\software\Repositories\Maven\org\springframework\boot\spring-boot-test\2.4.4\spring-boot-test-2.4.4.jar;D:\software\Repositories\Maven\org\springframework\boot\spring-boot-test-autoconfigure\2.4.4\spring-boot-test-autoconfigure-2.4.4.jar;D:\software\Repositories\Maven\com\jayway\jsonpath\json-path\2.4.0\json-path-2.4.0.jar;D:\software\Repositories\Maven\net\minidev\json-smart\2.3\json-smart-2.3.jar;D:\software\Repositories\Maven\net\minidev\accessors-smart\1.2\accessors-smart-1.2.jar;D:\software\Repositories\Maven\org\ow2\asm\asm\5.0.4\asm-5.0.4.jar;D:\software\Repositories\Maven\jakarta\xml\bind\jakarta.xml.bind-api\2.3.3\jakarta.xml.bind-api-2.3.3.jar;D:\software\Repositories\Maven\jakarta\activation\jakarta.activation-api\1.2.2\jakarta.activation-api-1.2.2.jar;D:\software\Repositories\Maven\org\assertj\assertj-core\3.18.1\assertj-core-3.18.1.jar;D:\software\Repositories\Maven\org\hamcrest\hamcrest\2.2\hamcrest-2.2.jar;D:\software\Repositories\Maven\org\junit\jupiter\junit-jupiter\5.7.1\junit-jupiter-5.7.1.jar;D:\software\Repositories\Maven\org\junit\jupiter\junit-jupiter-params\5.7.1\junit-jupiter-params-5.7.1.jar;D:\software\Repositories\Maven\org\junit\jupiter\junit-jupiter-engine\5.7.1\junit-jupiter-engine-5.7.1.jar;D:\software\Repositories\Maven\org\junit\platform\junit-platform-engine\1.7.1\junit-platform-engine-1.7.1.jar;D:\software\Repositories\Maven\org\mockito\mockito-core\3.6.28\mockito-core-3.6.28.jar;D:\software\Repositories\Maven\net\bytebuddy\byte-buddy\1.10.22\byte-buddy-1.10.22.jar;D:\software\Repositories\Maven\net\bytebuddy\byte-buddy-agent\1.10.22\byte-buddy-agent-1.10.22.jar;D:\software\Repositories\Maven\org\objenesis\objenesis\3.1\objenesis-3.1.jar;D:\software\Repositories\Maven\org\mockito\mockito-junit-jupiter\3.6.28\mockito-junit-jupiter-3.6.28.jar;D:\software\Repositories\Maven\org\skyscreamer\jsonassert\1.5.0\jsonassert-1.5.0.jar;D:\software\Repositories\Maven\com\vaadin\external\google\android-json\0.0.20131108.vaadin1\android-json-0.0.20131108.vaadin1.jar;D:\software\Repositories\Maven\org\springframework\spring-core\5.3.5\spring-core-5.3.5.jar;D:\software\Repositories\Maven\org\springframework\spring-jcl\5.3.5\spring-jcl-5.3.5.jar;D:\software\Repositories\Maven\org\springframework\spring-test\5.3.5\spring-test-5.3.5.jar;D:\software\Repositories\Maven\org\xmlunit\xmlunit-core\2.7.0\xmlunit-core-2.7.0.jar;D:\software\Repositories\Maven\mysql\mysql-connector-java\8.0.15\mysql-connector-java-8.0.15.jar;D:\software\Repositories\Maven\com\baomidou\mybatis-plus-boot-starter\3.2.0\mybatis-plus-boot-starter-3.2.0.jar;D:\software\Repositories\Maven\com\baomidou\mybatis-plus\3.2.0\mybatis-plus-3.2.0.jar;D:\software\Repositories\Maven\org\springframework\boot\spring-boot-autoconfigure\2.4.4\spring-boot-autoconfigure-2.4.4.jar;D:\software\Repositories\Maven\org\springframework\boot\spring-boot-starter-jdbc\2.4.4\spring-boot-starter-jdbc-2.4.4.jar;D:\software\Repositories\Maven\com\zaxxer\HikariCP\3.4.5\HikariCP-3.4.5.jar;D:\software\Repositories\Maven\org\springframework\spring-jdbc\5.3.5\spring-jdbc-5.3.5.jar;D:\software\Repositories\Maven\org\springframework\spring-tx\5.3.5\spring-tx-5.3.5.jar;D:\software\Repositories\Maven\com\baomidou\mybatis-plus-generator\3.2.0\mybatis-plus-generator-3.2.0.jar;D:\software\Repositories\Maven\com\baomidou\mybatis-plus-extension\3.2.0\mybatis-plus-extension-3.2.0.jar;D:\software\Repositories\Maven\com\baomidou\mybatis-plus-core\3.2.0\mybatis-plus-core-3.2.0.jar;D:\software\Repositories\Maven\com\baomidou\mybatis-plus-annotation\3.2.0\mybatis-plus-annotation-3.2.0.jar;D:\software\Repositories\Maven\com\github\jsqlparser\jsqlparser\2.1\jsqlparser-2.1.jar;D:\software\Repositories\Maven\org\mybatis\mybatis\3.5.2\mybatis-3.5.2.jar;D:\software\Repositories\Maven\org\mybatis\mybatis-spring\2.0.2\mybatis-spring-2.0.2.jar;D:\software\Repositories\Maven\org\freemarker\freemarker\2.3.28\freemarker-2.3.28.jar;D:\software\Repositories\Maven\com\alibaba\fastjson\1.2.47\fastjson-1.2.47.jar;D:\software\Repositories\Maven\org\springframework\boot\spring-boot-devtools\2.4.4\spring-boot-devtools-2.4.4.jar;D:\software\Repositories\Maven\org\springframework\boot\spring-boot\2.4.4\spring-boot-2.4.4.jar;D:\software\Repositories\Maven\com\googlecode\xmemcached\xmemcached\2.0.0\xmemcached-2.0.0.jar;D:\software\Repositories\Maven\org\slf4j\slf4j-api\1.7.30\slf4j-api-1.7.30.jar;D:\software\Repositories\Maven\org\springframework\boot\spring-boot-configuration-processor\2.4.4\spring-boot-configuration-processor-2.4.4.jar;D:\software\Repositories\Maven\junit\junit\4.12\junit-4.12.jar;D:\software\Repositories\Maven\org\hamcrest\hamcrest-core\2.2\hamcrest-core-2.2.jar;D:\software\Repositories\Maven\org\junit\jupiter\junit-jupiter-api\5.8.0-M1\junit-jupiter-api-5.8.0-M1.jar;D:\software\Repositories\Maven\org\apiguardian\apiguardian-api\1.1.1\apiguardian-api-1.1.1.jar;D:\software\Repositories\Maven\org\opentest4j\opentest4j\1.2.0\opentest4j-1.2.0.jar;D:\software\Repositories\Maven\org\junit\platform\junit-platform-commons\1.7.1\junit-platform-commons-1.7.1.jar;"/>
    <property name="java.vm.vendor" value="Oracle Corporation"/>
    <property name="sun.arch.data.model" value="64"/>
    <property name="user.variant" value=""/>
    <property name="java.vendor.url" value="http://java.oracle.com/"/>
    <property name="user.timezone" value="Asia/Shanghai"/>
    <property name="java.vm.specification.version" value="1.8"/>
    <property name="os.name" value="Windows 10"/>
    <property name="user.country" value="CN"/>
    <property name="sun.java.launcher" value="SUN_STANDARD"/>
    <property name="sun.boot.library.path" value="D:\software\Java\jdk1.8.0_161\jre\bin"/>
    <property name="sun.java.command" value="C:\Users\ADMINI~1\AppData\Local\Temp\surefire2771728253322214625\surefirebooter3655262875364956335.jar C:\Users\Administrator\AppData\Local\Temp\surefire2771728253322214625 2021-04-08T16-47-40_270-jvmRun1 surefire8038298703459638920tmp surefire_02438775084626243672tmp"/>
    <property name="surefire.test.class.path" value="E:\ideaWorkSpace\ddup\target\test-classes;E:\ideaWorkSpace\ddup\target\classes;D:\software\Repositories\Maven\org\springframework\boot\spring-boot-starter-thymeleaf\2.4.4\spring-boot-starter-thymeleaf-2.4.4.jar;D:\software\Repositories\Maven\org\springframework\boot\spring-boot-starter\2.4.4\spring-boot-starter-2.4.4.jar;D:\software\Repositories\Maven\org\springframework\boot\spring-boot-starter-logging\2.4.4\spring-boot-starter-logging-2.4.4.jar;D:\software\Repositories\Maven\ch\qos\logback\logback-classic\1.2.3\logback-classic-1.2.3.jar;D:\software\Repositories\Maven\ch\qos\logback\logback-core\1.2.3\logback-core-1.2.3.jar;D:\software\Repositories\Maven\org\apache\logging\log4j\log4j-to-slf4j\2.13.3\log4j-to-slf4j-2.13.3.jar;D:\software\Repositories\Maven\org\apache\logging\log4j\log4j-api\2.13.3\log4j-api-2.13.3.jar;D:\software\Repositories\Maven\org\slf4j\jul-to-slf4j\1.7.30\jul-to-slf4j-1.7.30.jar;D:\software\Repositories\Maven\jakarta\annotation\jakarta.annotation-api\1.3.5\jakarta.annotation-api-1.3.5.jar;D:\software\Repositories\Maven\org\yaml\snakeyaml\1.27\snakeyaml-1.27.jar;D:\software\Repositories\Maven\org\thymeleaf\thymeleaf-spring5\3.0.12.RELEASE\thymeleaf-spring5-3.0.12.RELEASE.jar;D:\software\Repositories\Maven\org\thymeleaf\thymeleaf\3.0.12.RELEASE\thymeleaf-3.0.12.RELEASE.jar;D:\software\Repositories\Maven\org\attoparser\attoparser\2.0.5.RELEASE\attoparser-2.0.5.RELEASE.jar;D:\software\Repositories\Maven\org\unbescape\unbescape\1.1.6.RELEASE\unbescape-1.1.6.RELEASE.jar;D:\software\Repositories\Maven\org\thymeleaf\extras\thymeleaf-extras-java8time\3.0.4.RELEASE\thymeleaf-extras-java8time-3.0.4.RELEASE.jar;D:\software\Repositories\Maven\org\springframework\boot\spring-boot-starter-web\2.4.4\spring-boot-starter-web-2.4.4.jar;D:\software\Repositories\Maven\org\springframework\boot\spring-boot-starter-json\2.4.4\spring-boot-starter-json-2.4.4.jar;D:\software\Repositories\Maven\com\fasterxml\jackson\core\jackson-databind\2.11.4\jackson-databind-2.11.4.jar;D:\software\Repositories\Maven\com\fasterxml\jackson\core\jackson-annotations\2.11.4\jackson-annotations-2.11.4.jar;D:\software\Repositories\Maven\com\fasterxml\jackson\core\jackson-core\2.11.4\jackson-core-2.11.4.jar;D:\software\Repositories\Maven\com\fasterxml\jackson\datatype\jackson-datatype-jdk8\2.11.4\jackson-datatype-jdk8-2.11.4.jar;D:\software\Repositories\Maven\com\fasterxml\jackson\datatype\jackson-datatype-jsr310\2.11.4\jackson-datatype-jsr310-2.11.4.jar;D:\software\Repositories\Maven\com\fasterxml\jackson\module\jackson-module-parameter-names\2.11.4\jackson-module-parameter-names-2.11.4.jar;D:\software\Repositories\Maven\org\springframework\boot\spring-boot-starter-tomcat\2.4.4\spring-boot-starter-tomcat-2.4.4.jar;D:\software\Repositories\Maven\org\apache\tomcat\embed\tomcat-embed-core\9.0.44\tomcat-embed-core-9.0.44.jar;D:\software\Repositories\Maven\org\glassfish\jakarta.el\3.0.3\jakarta.el-3.0.3.jar;D:\software\Repositories\Maven\org\apache\tomcat\embed\tomcat-embed-websocket\9.0.44\tomcat-embed-websocket-9.0.44.jar;D:\software\Repositories\Maven\org\springframework\spring-web\5.3.5\spring-web-5.3.5.jar;D:\software\Repositories\Maven\org\springframework\spring-beans\5.3.5\spring-beans-5.3.5.jar;D:\software\Repositories\Maven\org\springframework\spring-webmvc\5.3.5\spring-webmvc-5.3.5.jar;D:\software\Repositories\Maven\org\springframework\spring-aop\5.3.5\spring-aop-5.3.5.jar;D:\software\Repositories\Maven\org\springframework\spring-context\5.3.5\spring-context-5.3.5.jar;D:\software\Repositories\Maven\org\springframework\spring-expression\5.3.5\spring-expression-5.3.5.jar;D:\software\Repositories\Maven\org\projectlombok\lombok\1.18.16\lombok-1.18.16.jar;D:\software\Repositories\Maven\org\springframework\boot\spring-boot-starter-test\2.4.4\spring-boot-starter-test-2.4.4.jar;D:\software\Repositories\Maven\org\springframework\boot\spring-boot-test\2.4.4\spring-boot-test-2.4.4.jar;D:\software\Repositories\Maven\org\springframework\boot\spring-boot-test-autoconfigure\2.4.4\spring-boot-test-autoconfigure-2.4.4.jar;D:\software\Repositories\Maven\com\jayway\jsonpath\json-path\2.4.0\json-path-2.4.0.jar;D:\software\Repositories\Maven\net\minidev\json-smart\2.3\json-smart-2.3.jar;D:\software\Repositories\Maven\net\minidev\accessors-smart\1.2\accessors-smart-1.2.jar;D:\software\Repositories\Maven\org\ow2\asm\asm\5.0.4\asm-5.0.4.jar;D:\software\Repositories\Maven\jakarta\xml\bind\jakarta.xml.bind-api\2.3.3\jakarta.xml.bind-api-2.3.3.jar;D:\software\Repositories\Maven\jakarta\activation\jakarta.activation-api\1.2.2\jakarta.activation-api-1.2.2.jar;D:\software\Repositories\Maven\org\assertj\assertj-core\3.18.1\assertj-core-3.18.1.jar;D:\software\Repositories\Maven\org\hamcrest\hamcrest\2.2\hamcrest-2.2.jar;D:\software\Repositories\Maven\org\junit\jupiter\junit-jupiter\5.7.1\junit-jupiter-5.7.1.jar;D:\software\Repositories\Maven\org\junit\jupiter\junit-jupiter-params\5.7.1\junit-jupiter-params-5.7.1.jar;D:\software\Repositories\Maven\org\junit\jupiter\junit-jupiter-engine\5.7.1\junit-jupiter-engine-5.7.1.jar;D:\software\Repositories\Maven\org\junit\platform\junit-platform-engine\1.7.1\junit-platform-engine-1.7.1.jar;D:\software\Repositories\Maven\org\mockito\mockito-core\3.6.28\mockito-core-3.6.28.jar;D:\software\Repositories\Maven\net\bytebuddy\byte-buddy\1.10.22\byte-buddy-1.10.22.jar;D:\software\Repositories\Maven\net\bytebuddy\byte-buddy-agent\1.10.22\byte-buddy-agent-1.10.22.jar;D:\software\Repositories\Maven\org\objenesis\objenesis\3.1\objenesis-3.1.jar;D:\software\Repositories\Maven\org\mockito\mockito-junit-jupiter\3.6.28\mockito-junit-jupiter-3.6.28.jar;D:\software\Repositories\Maven\org\skyscreamer\jsonassert\1.5.0\jsonassert-1.5.0.jar;D:\software\Repositories\Maven\com\vaadin\external\google\android-json\0.0.20131108.vaadin1\android-json-0.0.20131108.vaadin1.jar;D:\software\Repositories\Maven\org\springframework\spring-core\5.3.5\spring-core-5.3.5.jar;D:\software\Repositories\Maven\org\springframework\spring-jcl\5.3.5\spring-jcl-5.3.5.jar;D:\software\Repositories\Maven\org\springframework\spring-test\5.3.5\spring-test-5.3.5.jar;D:\software\Repositories\Maven\org\xmlunit\xmlunit-core\2.7.0\xmlunit-core-2.7.0.jar;D:\software\Repositories\Maven\mysql\mysql-connector-java\8.0.15\mysql-connector-java-8.0.15.jar;D:\software\Repositories\Maven\com\baomidou\mybatis-plus-boot-starter\3.2.0\mybatis-plus-boot-starter-3.2.0.jar;D:\software\Repositories\Maven\com\baomidou\mybatis-plus\3.2.0\mybatis-plus-3.2.0.jar;D:\software\Repositories\Maven\org\springframework\boot\spring-boot-autoconfigure\2.4.4\spring-boot-autoconfigure-2.4.4.jar;D:\software\Repositories\Maven\org\springframework\boot\spring-boot-starter-jdbc\2.4.4\spring-boot-starter-jdbc-2.4.4.jar;D:\software\Repositories\Maven\com\zaxxer\HikariCP\3.4.5\HikariCP-3.4.5.jar;D:\software\Repositories\Maven\org\springframework\spring-jdbc\5.3.5\spring-jdbc-5.3.5.jar;D:\software\Repositories\Maven\org\springframework\spring-tx\5.3.5\spring-tx-5.3.5.jar;D:\software\Repositories\Maven\com\baomidou\mybatis-plus-generator\3.2.0\mybatis-plus-generator-3.2.0.jar;D:\software\Repositories\Maven\com\baomidou\mybatis-plus-extension\3.2.0\mybatis-plus-extension-3.2.0.jar;D:\software\Repositories\Maven\com\baomidou\mybatis-plus-core\3.2.0\mybatis-plus-core-3.2.0.jar;D:\software\Repositories\Maven\com\baomidou\mybatis-plus-annotation\3.2.0\mybatis-plus-annotation-3.2.0.jar;D:\software\Repositories\Maven\com\github\jsqlparser\jsqlparser\2.1\jsqlparser-2.1.jar;D:\software\Repositories\Maven\org\mybatis\mybatis\3.5.2\mybatis-3.5.2.jar;D:\software\Repositories\Maven\org\mybatis\mybatis-spring\2.0.2\mybatis-spring-2.0.2.jar;D:\software\Repositories\Maven\org\freemarker\freemarker\2.3.28\freemarker-2.3.28.jar;D:\software\Repositories\Maven\com\alibaba\fastjson\1.2.47\fastjson-1.2.47.jar;D:\software\Repositories\Maven\org\springframework\boot\spring-boot-devtools\2.4.4\spring-boot-devtools-2.4.4.jar;D:\software\Repositories\Maven\org\springframework\boot\spring-boot\2.4.4\spring-boot-2.4.4.jar;D:\software\Repositories\Maven\com\googlecode\xmemcached\xmemcached\2.0.0\xmemcached-2.0.0.jar;D:\software\Repositories\Maven\org\slf4j\slf4j-api\1.7.30\slf4j-api-1.7.30.jar;D:\software\Repositories\Maven\org\springframework\boot\spring-boot-configuration-processor\2.4.4\spring-boot-configuration-processor-2.4.4.jar;D:\software\Repositories\Maven\junit\junit\4.12\junit-4.12.jar;D:\software\Repositories\Maven\org\hamcrest\hamcrest-core\2.2\hamcrest-core-2.2.jar;D:\software\Repositories\Maven\org\junit\jupiter\junit-jupiter-api\5.8.0-M1\junit-jupiter-api-5.8.0-M1.jar;D:\software\Repositories\Maven\org\apiguardian\apiguardian-api\1.1.1\apiguardian-api-1.1.1.jar;D:\software\Repositories\Maven\org\opentest4j\opentest4j\1.2.0\opentest4j-1.2.0.jar;D:\software\Repositories\Maven\org\junit\platform\junit-platform-commons\1.7.1\junit-platform-commons-1.7.1.jar;"/>
    <property name="sun.cpu.endian" value="little"/>
    <property name="user.home" value="C:\Users\Administrator"/>
    <property name="user.language" value="zh"/>
    <property name="java.specification.vendor" value="Oracle Corporation"/>
    <property name="java.home" value="D:\software\Java\jdk1.8.0_161\jre"/>
    <property name="basedir" value="E:\ideaWorkSpace\ddup"/>
    <property name="file.separator" value="\"/>
    <property name="line.separator" value="&#10;"/>
    <property name="java.vm.specification.vendor" value="Oracle Corporation"/>
    <property name="java.specification.name" value="Java Platform API Specification"/>
    <property name="java.awt.graphicsenv" value="sun.awt.Win32GraphicsEnvironment"/>
    <property name="surefire.real.class.path" value="C:\Users\ADMINI~1\AppData\Local\Temp\surefire2771728253322214625\surefirebooter3655262875364956335.jar"/>
    <property name="sun.boot.class.path" value="D:\software\Java\jdk1.8.0_161\jre\lib\resources.jar;D:\software\Java\jdk1.8.0_161\jre\lib\rt.jar;D:\software\Java\jdk1.8.0_161\jre\lib\sunrsasign.jar;D:\software\Java\jdk1.8.0_161\jre\lib\jsse.jar;D:\software\Java\jdk1.8.0_161\jre\lib\jce.jar;D:\software\Java\jdk1.8.0_161\jre\lib\charsets.jar;D:\software\Java\jdk1.8.0_161\jre\lib\jfr.jar;D:\software\Java\jdk1.8.0_161\jre\classes"/>
    <property name="user.script" value=""/>
    <property name="sun.management.compiler" value="HotSpot 64-Bit Tiered Compilers"/>
    <property name="java.runtime.version" value="1.8.0_161-b12"/>
    <property name="user.name" value="Administrator"/>
    <property name="path.separator" value=";"/>
    <property name="os.version" value="10.0"/>
    <property name="java.endorsed.dirs" value="D:\software\Java\jdk1.8.0_161\jre\lib\endorsed"/>
    <property name="java.runtime.name" value="Java(TM) SE Runtime Environment"/>
    <property name="file.encoding" value="GBK"/>
    <property name="java.vm.name" value="Java HotSpot(TM) 64-Bit Server VM"/>
    <property name="localRepository" value="D:\software\Repositories\Maven"/>
    <property name="java.vendor.url.bug" value="http://bugreport.sun.com/bugreport/"/>
    <property name="java.io.tmpdir" value="C:\Users\ADMINI~1\AppData\Local\Temp\"/>
    <property name="java.version" value="1.8.0_161"/>
    <property name="user.dir" value="E:\ideaWorkSpace\ddup"/>
    <property name="os.arch" value="amd64"/>
    <property name="java.vm.specification.name" value="Java Virtual Machine Specification"/>
    <property name="java.awt.printerjob" value="sun.awt.windows.WPrinterJob"/>
    <property name="sun.os.patch.level" value=""/>
    <property name="java.library.path" value="D:\software\Java\jdk1.8.0_161\jre\bin;C:\Windows\Sun\Java\bin;C:\Windows\system32;C:\Windows;C:\ProgramData\Oracle\Java\javapath;C:\Windows\system32;C:\Windows;C:\Windows\System32\Wbem;C:\Windows\System32\WindowsPowerShell\v1.0\;C:\Windows\System32\OpenSSH\;D:\software\Java\jdk1.8.0_161\bin;D:\software\apache-maven-3.6.3\bin;D:\software\TortoiseSVN\bin;C:\Users\Administrator\AppData\Local\Microsoft\WindowsApps;;."/>
    <property name="java.vm.info" value="mixed mode"/>
    <property name="java.vendor" value="Oracle Corporation"/>
    <property name="java.vm.version" value="25.161-b12"/>
    <property name="java.ext.dirs" value="D:\software\Java\jdk1.8.0_161\jre\lib\ext;C:\Windows\Sun\Java\lib\ext"/>
    <property name="sun.io.unicode.encoding" value="UnicodeLittle"/>
    <property name="java.class.version" value="52.0"/>
  </properties>
  <testcase name="contextLoads" classname="com.xf.DdupApplicationTests" time="0"/>
</testsuite>